d:\downloads\myavtapp\myavtapp\x64\release\vc142.pdb
d:\downloads\myavtapp\myavtapp\x64\release\vsshaderlib.obj
d:\downloads\myavtapp\myavtapp\x64\release\texture_loader.obj
d:\downloads\myavtapp\myavtapp\x64\release\l3dbillboard.obj
d:\downloads\myavtapp\myavtapp\x64\release\cylinder.obj
d:\downloads\myavtapp\myavtapp\x64\release\rock.obj
d:\downloads\myavtapp\myavtapp\x64\release\rover.obj
d:\downloads\myavtapp\myavtapp\x64\release\meshfromassimp.obj
d:\downloads\myavtapp\myavtapp\x64\release\lightdemo.obj
d:\downloads\myavtapp\myavtapp\x64\release\camera.obj
d:\downloads\myavtapp\myavtapp\x64\release\basic_geometry.obj
d:\downloads\myavtapp\myavtapp\x64\release\avtmathlib.obj
d:\downloads\myavtapp\myavtapp\x64\release\avtfreetype.obj
d:\downloads\myavtapp\myavtapp\x64\release\aabb.obj
d:\downloads\myavtapp\x64\release\myavtapp.exe
d:\downloads\myavtapp\myavtapp\x64\release\myavtapp.ipdb
d:\downloads\myavtapp\x64\release\myavtapp.pdb
d:\downloads\myavtapp\myavtapp\x64\release\myavtapp.iobj
d:\downloads\myavtapp\myavtapp\x64\release\myavtapp.tlog\cl.command.1.tlog
d:\downloads\myavtapp\myavtapp\x64\release\myavtapp.tlog\cl.read.1.tlog
d:\downloads\myavtapp\myavtapp\x64\release\myavtapp.tlog\cl.write.1.tlog
d:\downloads\myavtapp\myavtapp\x64\release\myavtapp.tlog\link.command.1.tlog
d:\downloads\myavtapp\myavtapp\x64\release\myavtapp.tlog\link.read.1.tlog
d:\downloads\myavtapp\myavtapp\x64\release\myavtapp.tlog\link.write.1.tlog
