  AABB.cpp
  avtFreeType.cpp
C:\Users\ravas\OneDrive\Ambiente de Trabalho\AVT\MyAVTapp\MyAVTapp\avtFreeType.cpp(88,35): warning C4838: conversion from 'unsigned int' to 'int' requires a narrowing conversion
C:\Users\ravas\OneDrive\Ambiente de Trabalho\AVT\MyAVTapp\MyAVTapp\avtFreeType.cpp(88,62): warning C4838: conversion from 'unsigned int' to 'int' requires a narrowing conversion
  AVTmathLib.cpp
C:\Users\ravas\OneDrive\Ambiente de Trabalho\AVT\MyAVTapp\MyAVTapp\AVTmathLib.cpp(145,11): warning C4244: 'initializing': conversion from 'double' to 'float', possible loss of data
C:\Users\ravas\OneDrive\Ambiente de Trabalho\AVT\MyAVTapp\MyAVTapp\AVTmathLib.cpp(146,11): warning C4244: 'initializing': conversion from 'double' to 'float', possible loss of data
C:\Users\ravas\OneDrive\Ambiente de Trabalho\AVT\MyAVTapp\MyAVTapp\AVTmathLib.cpp(234,10): warning C4244: 'initializing': conversion from 'double' to 'float', possible loss of data
C:\Users\ravas\OneDrive\Ambiente de Trabalho\AVT\MyAVTapp\MyAVTapp\AVTmathLib.cpp(375,12): warning C4244: 'initializing': conversion from 'double' to 'float', possible loss of data
C:\Users\ravas\OneDrive\Ambiente de Trabalho\AVT\MyAVTapp\MyAVTapp\AVTmathLib.cpp(402,13): warning C4244: 'return': conversion from 'double' to 'float', possible loss of data
C:\Users\ravas\OneDrive\Ambiente de Trabalho\AVT\MyAVTapp\MyAVTapp\AVTmathLib.cpp(443,62): warning C4244: '=': conversion from 'double' to 'float', possible loss of data
C:\Users\ravas\OneDrive\Ambiente de Trabalho\AVT\MyAVTapp\MyAVTapp\AVTmathLib.cpp(444,62): warning C4244: '=': conversion from 'double' to 'float', possible loss of data
C:\Users\ravas\OneDrive\Ambiente de Trabalho\AVT\MyAVTapp\MyAVTapp\AVTmathLib.cpp(446,40): warning C4244: '=': conversion from 'double' to 'float', possible loss of data
  basic_geometry.cpp
C:\Users\ravas\OneDrive\Ambiente de Trabalho\AVT\MyAVTapp\MyAVTapp\basic_geometry.cpp(172,65): warning C4267: 'argument': conversion from 'size_t' to 'int', possible loss of data
C:\Users\ravas\OneDrive\Ambiente de Trabalho\AVT\MyAVTapp\MyAVTapp\basic_geometry.cpp(294,44): warning C4244: '=': conversion from 'double' to 'float', possible loss of data
C:\Users\ravas\OneDrive\Ambiente de Trabalho\AVT\MyAVTapp\MyAVTapp\basic_geometry.cpp(296,44): warning C4244: '=': conversion from 'double' to 'float', possible loss of data
C:\Users\ravas\OneDrive\Ambiente de Trabalho\AVT\MyAVTapp\MyAVTapp\basic_geometry.cpp(299,48): warning C4244: '=': conversion from 'double' to 'float', possible loss of data
C:\Users\ravas\OneDrive\Ambiente de Trabalho\AVT\MyAVTapp\MyAVTapp\basic_geometry.cpp(301,48): warning C4244: '=': conversion from 'double' to 'float', possible loss of data
C:\Users\ravas\OneDrive\Ambiente de Trabalho\AVT\MyAVTapp\MyAVTapp\basic_geometry.cpp(317,45): warning C4244: '=': conversion from 'double' to 'float', possible loss of data
C:\Users\ravas\OneDrive\Ambiente de Trabalho\AVT\MyAVTapp\MyAVTapp\basic_geometry.cpp(319,45): warning C4244: '=': conversion from 'double' to 'float', possible loss of data
C:\Users\ravas\OneDrive\Ambiente de Trabalho\AVT\MyAVTapp\MyAVTapp\basic_geometry.cpp(322,53): warning C4244: '=': conversion from 'double' to 'float', possible loss of data
C:\Users\ravas\OneDrive\Ambiente de Trabalho\AVT\MyAVTapp\MyAVTapp\basic_geometry.cpp(324,53): warning C4244: '=': conversion from 'double' to 'float', possible loss of data
C:\Users\ravas\OneDrive\Ambiente de Trabalho\AVT\MyAVTapp\MyAVTapp\basic_geometry.cpp(408,11): warning C4244: '=': conversion from 'double' to 'float', possible loss of data
C:\Users\ravas\OneDrive\Ambiente de Trabalho\AVT\MyAVTapp\MyAVTapp\basic_geometry.cpp(416,11): warning C4244: '=': conversion from 'double' to 'float', possible loss of data
C:\Users\ravas\OneDrive\Ambiente de Trabalho\AVT\MyAVTapp\MyAVTapp\basic_geometry.cpp(436,11): warning C4244: '=': conversion from 'double' to 'float', possible loss of data
C:\Users\ravas\OneDrive\Ambiente de Trabalho\AVT\MyAVTapp\MyAVTapp\basic_geometry.cpp(457,48): warning C4244: '=': conversion from 'double' to 'float', possible loss of data
C:\Users\ravas\OneDrive\Ambiente de Trabalho\AVT\MyAVTapp\MyAVTapp\basic_geometry.cpp(458,48): warning C4244: '=': conversion from 'double' to 'float', possible loss of data
  camera.cpp
C:\Users\ravas\OneDrive\Ambiente de Trabalho\AVT\MyAVTapp\MyAVTapp\camera.cpp(39,36): warning C4305: 'initializing': truncation from 'double' to 'float'
C:\Users\ravas\OneDrive\Ambiente de Trabalho\AVT\MyAVTapp\MyAVTapp\camera.cpp(43,27): warning C4244: '=': conversion from 'double' to 'float', possible loss of data
C:\Users\ravas\OneDrive\Ambiente de Trabalho\AVT\MyAVTapp\MyAVTapp\camera.cpp(44,18): warning C4244: '=': conversion from 'double' to 'float', possible loss of data
C:\Users\ravas\OneDrive\Ambiente de Trabalho\AVT\MyAVTapp\MyAVTapp\camera.cpp(45,27): warning C4244: '=': conversion from 'double' to 'float', possible loss of data
C:\Users\ravas\OneDrive\Ambiente de Trabalho\AVT\MyAVTapp\MyAVTapp\camera.cpp(61,33): warning C4244: '=': conversion from 'double' to 'float', possible loss of data
C:\Users\ravas\OneDrive\Ambiente de Trabalho\AVT\MyAVTapp\MyAVTapp\camera.cpp(62,22): warning C4244: '=': conversion from 'double' to 'float', possible loss of data
C:\Users\ravas\OneDrive\Ambiente de Trabalho\AVT\MyAVTapp\MyAVTapp\camera.cpp(63,33): warning C4244: '=': conversion from 'double' to 'float', possible loss of data
  lightDemo.cpp
C:\Users\ravas\OneDrive\Ambiente de Trabalho\AVT\MyAVTapp\MyAVTapp\lightDemo.cpp(186,9): warning C4244: 'initializing': conversion from 'int' to 'float', possible loss of data
C:\Users\ravas\OneDrive\Ambiente de Trabalho\AVT\MyAVTapp\MyAVTapp\lightDemo.cpp(203,11): warning C4305: '=': truncation from 'double' to 'float'
C:\Users\ravas\OneDrive\Ambiente de Trabalho\AVT\MyAVTapp\MyAVTapp\lightDemo.cpp(227,21): warning C4244: '=': conversion from 'double' to 'GLfloat', possible loss of data
C:\Users\ravas\OneDrive\Ambiente de Trabalho\AVT\MyAVTapp\MyAVTapp\lightDemo.cpp(228,17): warning C4244: '=': conversion from 'double' to 'GLfloat', possible loss of data
C:\Users\ravas\OneDrive\Ambiente de Trabalho\AVT\MyAVTapp\MyAVTapp\lightDemo.cpp(229,25): warning C4244: '=': conversion from 'double' to 'GLfloat', possible loss of data
C:\Users\ravas\OneDrive\Ambiente de Trabalho\AVT\MyAVTapp\MyAVTapp\lightDemo.cpp(318,40): warning C4244: 'argument': conversion from 'unsigned int' to 'float', possible loss of data
C:\Users\ravas\OneDrive\Ambiente de Trabalho\AVT\MyAVTapp\MyAVTapp\lightDemo.cpp(320,47): warning C4244: 'argument': conversion from 'unsigned int' to 'float', possible loss of data
C:\Users\ravas\OneDrive\Ambiente de Trabalho\AVT\MyAVTapp\MyAVTapp\lightDemo.cpp(322,51): warning C4244: 'argument': conversion from 'unsigned int' to 'float', possible loss of data
C:\Users\ravas\OneDrive\Ambiente de Trabalho\AVT\MyAVTapp\MyAVTapp\lightDemo.cpp(371,60): warning C4244: '=': conversion from 'int' to 'float', possible loss of data
C:\Users\ravas\OneDrive\Ambiente de Trabalho\AVT\MyAVTapp\MyAVTapp\lightDemo.cpp(414,21): warning C4244: 'argument': conversion from 'double' to 'float', possible loss of data
C:\Users\ravas\OneDrive\Ambiente de Trabalho\AVT\MyAVTapp\MyAVTapp\lightDemo.cpp(413,38): warning C4244: 'argument': conversion from 'double' to 'float', possible loss of data
C:\Users\ravas\OneDrive\Ambiente de Trabalho\AVT\MyAVTapp\MyAVTapp\lightDemo.cpp(417,21): warning C4244: 'argument': conversion from 'double' to 'float', possible loss of data
C:\Users\ravas\OneDrive\Ambiente de Trabalho\AVT\MyAVTapp\MyAVTapp\lightDemo.cpp(416,27): warning C4244: 'argument': conversion from 'double' to 'float', possible loss of data
C:\Users\ravas\OneDrive\Ambiente de Trabalho\AVT\MyAVTapp\MyAVTapp\lightDemo.cpp(511,31): warning C4018: '<': signed/unsigned mismatch
C:\Users\ravas\OneDrive\Ambiente de Trabalho\AVT\MyAVTapp\MyAVTapp\lightDemo.cpp(593,21): warning C4244: '=': conversion from 'double' to 'float', possible loss of data
C:\Users\ravas\OneDrive\Ambiente de Trabalho\AVT\MyAVTapp\MyAVTapp\lightDemo.cpp(594,18): warning C4244: '=': conversion from 'double' to 'float', possible loss of data
C:\Users\ravas\OneDrive\Ambiente de Trabalho\AVT\MyAVTapp\MyAVTapp\lightDemo.cpp(596,37): warning C4244: '=': conversion from 'int' to 'float', possible loss of data
C:\Users\ravas\OneDrive\Ambiente de Trabalho\AVT\MyAVTapp\MyAVTapp\lightDemo.cpp(597,35): warning C4244: '=': conversion from 'int' to 'float', possible loss of data
C:\Users\ravas\OneDrive\Ambiente de Trabalho\AVT\MyAVTapp\MyAVTapp\lightDemo.cpp(620,38): warning C4244: '=': conversion from 'float' to 'int', possible loss of data
C:\Users\ravas\OneDrive\Ambiente de Trabalho\AVT\MyAVTapp\MyAVTapp\lightDemo.cpp(574,25): warning C4101: 'alpha': unreferenced local variable
C:\Users\ravas\OneDrive\Ambiente de Trabalho\AVT\MyAVTapp\MyAVTapp\lightDemo.cpp(1000,174): warning C4244: 'argument': conversion from 'int' to 'float', possible loss of data
C:\Users\ravas\OneDrive\Ambiente de Trabalho\AVT\MyAVTapp\MyAVTapp\lightDemo.cpp(1000,136): warning C4244: 'argument': conversion from 'int' to 'float', possible loss of data
C:\Users\ravas\OneDrive\Ambiente de Trabalho\AVT\MyAVTapp\MyAVTapp\lightDemo.cpp(1000,97): warning C4244: 'argument': conversion from 'int' to 'float', possible loss of data
C:\Users\ravas\OneDrive\Ambiente de Trabalho\AVT\MyAVTapp\MyAVTapp\lightDemo.cpp(1000,59): warning C4244: 'argument': conversion from 'int' to 'float', possible loss of data
C:\Users\ravas\OneDrive\Ambiente de Trabalho\AVT\MyAVTapp\MyAVTapp\lightDemo.cpp(1043,104): warning C4244: 'argument': conversion from 'int' to 'float', possible loss of data
C:\Users\ravas\OneDrive\Ambiente de Trabalho\AVT\MyAVTapp\MyAVTapp\lightDemo.cpp(1043,71): warning C4244: 'argument': conversion from 'int' to 'float', possible loss of data
C:\Users\ravas\OneDrive\Ambiente de Trabalho\AVT\MyAVTapp\MyAVTapp\lightDemo.cpp(1043,54): warning C4244: 'argument': conversion from 'int' to 'float', possible loss of data
C:\Users\ravas\OneDrive\Ambiente de Trabalho\AVT\MyAVTapp\MyAVTapp\lightDemo.cpp(1043,21): warning C4244: 'argument': conversion from 'int' to 'float', possible loss of data
C:\Users\ravas\OneDrive\Ambiente de Trabalho\AVT\MyAVTapp\MyAVTapp\lightDemo.cpp(1067,103): warning C4244: 'argument': conversion from 'int' to 'float', possible loss of data
C:\Users\ravas\OneDrive\Ambiente de Trabalho\AVT\MyAVTapp\MyAVTapp\lightDemo.cpp(1067,70): warning C4244: 'argument': conversion from 'int' to 'float', possible loss of data
C:\Users\ravas\OneDrive\Ambiente de Trabalho\AVT\MyAVTapp\MyAVTapp\lightDemo.cpp(1067,53): warning C4244: 'argument': conversion from 'int' to 'float', possible loss of data
C:\Users\ravas\OneDrive\Ambiente de Trabalho\AVT\MyAVTapp\MyAVTapp\lightDemo.cpp(1067,20): warning C4244: 'argument': conversion from 'int' to 'float', possible loss of data
C:\Users\ravas\OneDrive\Ambiente de Trabalho\AVT\MyAVTapp\MyAVTapp\lightDemo.cpp(1071,63): warning C4244: 'argument': conversion from 'int' to 'float', possible loss of data
C:\Users\ravas\OneDrive\Ambiente de Trabalho\AVT\MyAVTapp\MyAVTapp\lightDemo.cpp(1071,51): warning C4244: 'argument': conversion from 'int' to 'float', possible loss of data
C:\Users\ravas\OneDrive\Ambiente de Trabalho\AVT\MyAVTapp\MyAVTapp\lightDemo.cpp(1074,78): warning C4244: 'argument': conversion from 'int' to 'float', possible loss of data
C:\Users\ravas\OneDrive\Ambiente de Trabalho\AVT\MyAVTapp\MyAVTapp\lightDemo.cpp(1074,66): warning C4244: 'argument': conversion from 'int' to 'float', possible loss of data
C:\Users\ravas\OneDrive\Ambiente de Trabalho\AVT\MyAVTapp\MyAVTapp\lightDemo.cpp(1077,61): warning C4244: 'argument': conversion from 'int' to 'float', possible loss of data
C:\Users\ravas\OneDrive\Ambiente de Trabalho\AVT\MyAVTapp\MyAVTapp\lightDemo.cpp(1077,49): warning C4244: 'argument': conversion from 'int' to 'float', possible loss of data
C:\Users\ravas\OneDrive\Ambiente de Trabalho\AVT\MyAVTapp\MyAVTapp\lightDemo.cpp(1080,67): warning C4244: 'argument': conversion from 'int' to 'float', possible loss of data
C:\Users\ravas\OneDrive\Ambiente de Trabalho\AVT\MyAVTapp\MyAVTapp\lightDemo.cpp(1080,51): warning C4244: 'argument': conversion from 'int' to 'float', possible loss of data
C:\Users\ravas\OneDrive\Ambiente de Trabalho\AVT\MyAVTapp\MyAVTapp\lightDemo.cpp(1081,82): warning C4244: 'argument': conversion from 'int' to 'float', possible loss of data
C:\Users\ravas\OneDrive\Ambiente de Trabalho\AVT\MyAVTapp\MyAVTapp\lightDemo.cpp(1081,66): warning C4244: 'argument': conversion from 'int' to 'float', possible loss of data
C:\Users\ravas\OneDrive\Ambiente de Trabalho\AVT\MyAVTapp\MyAVTapp\lightDemo.cpp(1089,53): warning C4244: 'argument': conversion from 'int' to 'float', possible loss of data
C:\Users\ravas\OneDrive\Ambiente de Trabalho\AVT\MyAVTapp\MyAVTapp\lightDemo.cpp(1202,43): warning C4244: 'argument': conversion from 'double' to 'float', possible loss of data
C:\Users\ravas\OneDrive\Ambiente de Trabalho\AVT\MyAVTapp\MyAVTapp\lightDemo.cpp(1202,23): warning C4244: 'argument': conversion from 'double' to 'float', possible loss of data
C:\Users\ravas\OneDrive\Ambiente de Trabalho\AVT\MyAVTapp\MyAVTapp\lightDemo.cpp(1204,15): warning C4244: '=': conversion from 'double' to 'float', possible loss of data
C:\Users\ravas\OneDrive\Ambiente de Trabalho\AVT\MyAVTapp\MyAVTapp\lightDemo.cpp(1204,53): warning C4244: '=': conversion from 'double' to 'float', possible loss of data
C:\Users\ravas\OneDrive\Ambiente de Trabalho\AVT\MyAVTapp\MyAVTapp\lightDemo.cpp(1584,31): warning C4244: 'argument': conversion from 'int' to 'float', possible loss of data
C:\Users\ravas\OneDrive\Ambiente de Trabalho\AVT\MyAVTapp\MyAVTapp\lightDemo.cpp(1584,21): warning C4244: 'argument': conversion from 'int' to 'float', possible loss of data
C:\Users\ravas\OneDrive\Ambiente de Trabalho\AVT\MyAVTapp\MyAVTapp\lightDemo.cpp(1614,39): warning C4244: 'argument': conversion from 'float' to 'int', possible loss of data
C:\Users\ravas\OneDrive\Ambiente de Trabalho\AVT\MyAVTapp\MyAVTapp\lightDemo.cpp(1632,36): warning C4244: 'argument': conversion from 'float' to 'int', possible loss of data
C:\Users\ravas\OneDrive\Ambiente de Trabalho\AVT\MyAVTapp\MyAVTapp\lightDemo.cpp(1651,35): warning C4244: 'argument': conversion from 'float' to 'int', possible loss of data
C:\Users\ravas\OneDrive\Ambiente de Trabalho\AVT\MyAVTapp\MyAVTapp\lightDemo.cpp(1848,49): warning C4244: '=': conversion from 'double' to 'float', possible loss of data
  meshFromAssimp.cpp
C:\Users\ravas\OneDrive\Ambiente de Trabalho\AVT\MyAVTapp\MyAVTapp\meshFromAssimp.cpp(142,39): warning C4267: 'initializing': conversion from 'size_t' to 'int', possible loss of data
C:\Users\ravas\OneDrive\Ambiente de Trabalho\AVT\MyAVTapp\MyAVTapp\meshFromAssimp.cpp(193,16): warning C4101: 'aMesh': unreferenced local variable
  rover.cpp
C:\Users\ravas\OneDrive\Ambiente de Trabalho\AVT\MyAVTapp\MyAVTapp\rover.cpp(55,17): warning C4244: '=': conversion from 'double' to 'float', possible loss of data
C:\Users\ravas\OneDrive\Ambiente de Trabalho\AVT\MyAVTapp\MyAVTapp\rover.cpp(61,18): warning C4244: '=': conversion from 'double' to 'float', possible loss of data
C:\Users\ravas\OneDrive\Ambiente de Trabalho\AVT\MyAVTapp\MyAVTapp\rover.cpp(62,18): warning C4244: '=': conversion from 'double' to 'float', possible loss of data
C:\Users\ravas\OneDrive\Ambiente de Trabalho\AVT\MyAVTapp\MyAVTapp\rover.cpp(65,18): warning C4244: '=': conversion from 'double' to 'float', possible loss of data
C:\Users\ravas\OneDrive\Ambiente de Trabalho\AVT\MyAVTapp\MyAVTapp\rover.cpp(66,18): warning C4244: '=': conversion from 'double' to 'float', possible loss of data
C:\Users\ravas\OneDrive\Ambiente de Trabalho\AVT\MyAVTapp\MyAVTapp\rover.cpp(121,40): warning C4244: '+=': conversion from 'double' to 'float', possible loss of data
C:\Users\ravas\OneDrive\Ambiente de Trabalho\AVT\MyAVTapp\MyAVTapp\rover.cpp(122,40): warning C4244: '+=': conversion from 'double' to 'float', possible loss of data
C:\Users\ravas\OneDrive\Ambiente de Trabalho\AVT\MyAVTapp\MyAVTapp\rover.cpp(132,19): warning C4244: 'return': conversion from 'double' to 'float', possible loss of data
C:\Users\ravas\OneDrive\Ambiente de Trabalho\AVT\MyAVTapp\MyAVTapp\rover.cpp(140,17): warning C4244: 'return': conversion from 'double' to 'float', possible loss of data
C:\Users\ravas\OneDrive\Ambiente de Trabalho\AVT\MyAVTapp\MyAVTapp\rover.cpp(144,10): warning C4244: 'initializing': conversion from 'double' to 'float', possible loss of data
C:\Users\ravas\OneDrive\Ambiente de Trabalho\AVT\MyAVTapp\MyAVTapp\rover.cpp(145,10): warning C4244: 'initializing': conversion from 'double' to 'float', possible loss of data
  rock.cpp
C:\Users\ravas\OneDrive\Ambiente de Trabalho\AVT\MyAVTapp\MyAVTapp\rock.cpp(8,29): warning C4244: '=': conversion from 'double' to 'float', possible loss of data
C:\Users\ravas\OneDrive\Ambiente de Trabalho\AVT\MyAVTapp\MyAVTapp\rock.cpp(13,20): warning C4244: '=': conversion from 'double' to 'float', possible loss of data
C:\Users\ravas\OneDrive\Ambiente de Trabalho\AVT\MyAVTapp\MyAVTapp\rock.cpp(17,29): warning C4244: '=': conversion from 'double' to 'float', possible loss of data
C:\Users\ravas\OneDrive\Ambiente de Trabalho\AVT\MyAVTapp\MyAVTapp\rock.cpp(24,17): warning C4244: '+=': conversion from 'float' to 'int', possible loss of data
C:\Users\ravas\OneDrive\Ambiente de Trabalho\AVT\MyAVTapp\MyAVTapp\rock.cpp(41,30): warning C4244: '+=': conversion from 'double' to 'float', possible loss of data
C:\Users\ravas\OneDrive\Ambiente de Trabalho\AVT\MyAVTapp\MyAVTapp\rock.cpp(59,24): warning C4244: '=': conversion from 'int' to 'float', possible loss of data
C:\Users\ravas\OneDrive\Ambiente de Trabalho\AVT\MyAVTapp\MyAVTapp\rock.cpp(64,24): warning C4244: '=': conversion from 'int' to 'float', possible loss of data
  cylinder.cpp
C:\Users\ravas\OneDrive\Ambiente de Trabalho\AVT\MyAVTapp\MyAVTapp\cylinder.cpp(31,17): warning C4244: '=': conversion from 'double' to 'float', possible loss of data
  l3dBillboard.cpp
C:\Users\ravas\OneDrive\Ambiente de Trabalho\AVT\MyAVTapp\MyAVTapp\l3dBillboard.cpp(40,41): warning C4244: 'argument': conversion from 'double' to 'float', possible loss of data
C:\Users\ravas\OneDrive\Ambiente de Trabalho\AVT\MyAVTapp\MyAVTapp\l3dBillboard.cpp(78,41): warning C4244: 'argument': conversion from 'double' to 'float', possible loss of data
C:\Users\ravas\OneDrive\Ambiente de Trabalho\AVT\MyAVTapp\MyAVTapp\l3dBillboard.cpp(100,42): warning C4244: 'argument': conversion from 'double' to 'float', possible loss of data
C:\Users\ravas\OneDrive\Ambiente de Trabalho\AVT\MyAVTapp\MyAVTapp\l3dBillboard.cpp(102,42): warning C4244: 'argument': conversion from 'double' to 'float', possible loss of data
  Texture_Loader.cpp
  vsShaderLib.cpp
C:\Users\ravas\OneDrive\Ambiente de Trabalho\AVT\MyAVTapp\MyAVTapp\vsShaderLib.cpp(569,49): warning C4267: '=': conversion from 'size_t' to 'int', possible loss of data
  Generating Code...
C:\Program Files\Microsoft Visual Studio\2022\Community\MSBuild\Microsoft\VC\v170\Microsoft.CppCommon.targets(1092,5): error MSB6006: "link.exe" exited with code 1104.
LINK : fatal error LNK1104: cannot open file 'freeglut.lib'
